<?xml version="1.0" encoding="UTF-8"?>
<testsuite xmlns:xsi="http://www.w3.org/2001/XMLSchema-instance" xsi:noNamespaceSchemaLocation="https://maven.apache.org/surefire/maven-surefire-plugin/xsd/surefire-test-report-3.0.xsd" version="3.0" name="TestSuite" time="25.926" tests="1" errors="0" skipped="0" failures="1">
  <properties>
[...]
</properties>
  <testcase name="runScenario[&quot;Validating the functionality of elements present in Queue Management section&quot;, &quot;Creator functionality&quot;](1)" classname="cucumberOptions.TestRunner" time="23.793">
    <failure message="Unable to find element with locator By.xpath: //input[@id=&apos;password&apos;]&#10;For documentation on this error, please visit: https://selenium.dev/exceptions/#no_such_element&#10;Build info: version: &apos;4.7.2&apos;, revision: &apos;4d4020c3b7&apos;&#10;System info: os.name: &apos;Windows 11&apos;, os.arch: &apos;amd64&apos;, os.version: &apos;10.0&apos;, java.version: &apos;17.0.8&apos;&#10;Driver info: driver.version: RemoteWebDriver" type="org.openqa.selenium.NoSuchElementException"><![CDATA[org.openqa.selenium.NoSuchElementException: 
Unable to find element with locator By.xpath: //input[@id='password']
For documentation on this error, please visit: https://selenium.dev/exceptions/#no_such_element
Build info: version: '4.7.2', revision: '4d4020c3b7'
System info: os.name: 'Windows 11', os.arch: 'amd64', os.version: '10.0', java.version: '17.0.8'
Driver info: driver.version: RemoteWebDriver
	at org.openqa.selenium.remote.ElementLocation$ElementFinder$2.findElement(ElementLocation.java:165)
	at org.openqa.selenium.remote.ElementLocation.findElement(ElementLocation.java:60)
	at org.openqa.selenium.remote.RemoteWebDriver.findElement(RemoteWebDriver.java:351)
	at org.openqa.selenium.remote.RemoteWebDriver.findElement(RemoteWebDriver.java:343)
	at objectRepository.SignInPage.enterValidPassword(SignInPage.java:36)
	at stepDefinition.StepDefinitions.user_enters_valid_email_address_and_password(StepDefinitions.java:26)
	at ✽.User enters valid email address and password(file:///C:/Mahesh/Mahesh/ProjectNew/src/test/java/features/CreatorLogin.feature:38)
]]></failure>
    <system-out><![CDATA[C:\Mahesh\Mahesh\ProjectNew/testdata.properties

@creator @queueManagement
Scenario: Validating the functionality of elements present in Queue Management section # src/test/java/features/CreatorLogin.feature:36
Edge browser is launched
C:\Mahesh\Mahesh\ProjectNew/testdata.properties
https://facebook.com
  Given User navigates to the url                                                      # stepDefinition.StepDefinitions.user_navigates_to_the_url()
C:\Mahesh\Mahesh\ProjectNew/testdata.properties
7842358565
  When User enters valid email address and password                                    # stepDefinition.StepDefinitions.user_enters_valid_email_address_and_password()
      org.openqa.selenium.NoSuchElementException: Unable to find element with locator By.xpath: //input[@id='password']
For documentation on this error, please visit: https://selenium.dev/exceptions/#no_such_element
Build info: version: '4.7.2', revision: '4d4020c3b7'
System info: os.name: 'Windows 11', os.arch: 'amd64', os.version: '10.0', java.version: '17.0.8'
Driver info: driver.version: RemoteWebDriver
	at org.openqa.selenium.remote.ElementLocation$ElementFinder$2.findElement(ElementLocation.java:165)
	at org.openqa.selenium.remote.ElementLocation.findElement(ElementLocation.java:60)
	at org.openqa.selenium.remote.RemoteWebDriver.findElement(RemoteWebDriver.java:351)
	at org.openqa.selenium.remote.RemoteWebDriver.findElement(RemoteWebDriver.java:343)
	at objectRepository.SignInPage.enterValidPassword(SignInPage.java:36)
	at stepDefinition.StepDefinitions.user_enters_valid_email_address_and_password(StepDefinitions.java:26)
	at âœ½.User enters valid email address and password(file:///C:/Mahesh/Mahesh/ProjectNew/src/test/java/features/CreatorLogin.feature:38)

  And User clicks on sign in                                                           # stepDefinition.StepDefinitions.user_clicks_on_sign_in()
  Then User should able to see Eco Management System portal                            # stepDefinition.StepDefinitions.user_should_able_to_see_eco_management_system_portal()
  When User clicks on creator login                                                    # stepDefinition.StepDefinitions.user_clicks_on_creator_login()
  Then User should able to see creator homepage                                        # stepDefinition.StepDefinitions.user_should_able_to_see_creator_homepage()
  And User should able to see Queue Management section                                 # stepDefinition.StepDefinitions.user_should_able_to_see_queue_management_section()
  And User should able to see upward icon in Queue Management section                  # stepDefinition.StepDefinitions.user_should_able_to_see_upward_icon_in_queue_management_section()
  When User clicks on upward icon in Queue Management section                          # stepDefinition.StepDefinitions.user_clicks_on_upward_icon_in_queue_management_section()
  Then User should able to see Queue Management section is minimized                   # stepDefinition.StepDefinitions.user_should_able_to_see_queue_management_section_is_minimized()
  When User clicks on downward icon in Queue Management section                        # stepDefinition.StepDefinitions.user_clicks_on_downward_icon_in_queue_management_section()
  Then User should able to see the elements presents under Queue Management section    # stepDefinition.StepDefinitions.user_should_able_to_see_the_elements_presents_under_queue_management_section()
  And User should able to see search customer text box                                 # stepDefinition.StepDefinitions.user_should_able_to_see_search_customer_text_box()
  And User should able to see refresh icon                                             # stepDefinition.StepDefinitions.user_should_able_to_see_refresh_icon()
  And User should able to see upload statement button                                  # stepDefinition.StepDefinitions.user_should_able_to_see_upload_statement_button()
  And User should able to see download Template icon                                   # stepDefinition.StepDefinitions.user_should_able_to_see_download_template_icon()
  And User should able to see Ref No column                                            # stepDefinition.StepDefinitions.user_should_able_to_see_ref_no_column()
  And User should able to see Customer Name column                                     # stepDefinition.StepDefinitions.user_should_able_to_see_customer_name_column()
  And User should able to see Customer ID column                                       # stepDefinition.StepDefinitions.user_should_able_to_see_customer_id_column()
  And User should able to see Action Particular column                                 # stepDefinition.StepDefinitions.user_should_able_to_see_action_particular_column()
  And User should able to see Creator column                                           # stepDefinition.StepDefinitions.user_should_able_to_see_creator_column()
  And User should able to see Approver column                                          # stepDefinition.StepDefinitions.user_should_able_to_see_approver_column()
  And User should able to see RM column                                                # stepDefinition.StepDefinitions.user_should_able_to_see_rm_column()
  And User should able to see Communication Notes column                               # stepDefinition.StepDefinitions.user_should_able_to_see_communication_notes_column()
  And User should able to see Pending with column                                      # stepDefinition.StepDefinitions.user_should_able_to_see_pending_with_column()
  And User should able to see Exp Date column                                          # stepDefinition.StepDefinitions.user_should_able_to_see_exp_date_column()
  And User should able to see Managed documents column                                 # stepDefinition.StepDefinitions.user_should_able_to_see_managed_documents_column()
  When User enters customer number in search customer text box                         # stepDefinition.StepDefinitions.user_enters_customer_number_in_search_customer_text_box()
  Then User should able to see customer detail of entered customer id                  # stepDefinition.StepDefinitions.user_should_able_to_see_customer_detail_of_entered_customer_id()
  When User clicks on refresh button                                                   # stepDefinition.StepDefinitions.user_clicks_on_refresh_button()
  Then User should able to see the page has been loaded                                # stepDefinition.StepDefinitions.user_should_able_to_see_the_page_has_been_loaded()
  When User clicks on download template button                                         # stepDefinition.StepDefinitions.user_clicks_on_download_template_button()
  Then User should able to see file has been download                                  # stepDefinition.StepDefinitions.user_should_able_to_see_file_has_been_download()
  When User clicks on the sorting button in Ref No                                     # stepDefinition.StepDefinitions.user_clicks_on_the_sorting_button_in_ref_no()
  Then User should able to see the customer details has been sorted                    # stepDefinition.StepDefinitions.user_should_able_to_see_the_customer_details_has_been_sorted()
  When User clicks download icon on managed documents column                           # stepDefinition.StepDefinitions.user_clicks_download_icon_on_managed_documents_column()
  Then User should able to see the document has been downloaded                        # stepDefinition.StepDefinitions.user_should_able_to_see_the_document_has_been_downloaded()
  When User clicks on Upload statement                                                 # stepDefinition.StepDefinitions.user_clicks_on_upload_statement()
  And User clicks on upload statement pdf in dropdown                                  # stepDefinition.StepDefinitions.user_clicks_on_upload_statement_pdf_in_dropdown()
  Then User should able to see the card to enter customer detail and upload statement  # stepDefinition.StepDefinitions.user_should_able_to_see_the_frame_to_enter_customer_detail_and_upload_statement()
  And User should able to see the upload button                                        # stepDefinition.StepDefinitions.user_should_able_to_see_the_upload_button()
  And User should able to see the cancel button                                        # stepDefinition.StepDefinitions.user_should_able_to_see_the_cancel_button()
  When User picks on customer detail                                                   # stepDefinition.StepDefinitions.user_picks_on_customer_detail()
  And User uploads the statement                                                       # stepDefinition.StepDefinitions.user_uploads_the_statement()
  And User clicks on the upload button                                                 # stepDefinition.StepDefinitions.user_clicks_on_the_upload_button()
  Then User should able to see new customer detail has been created with new Ref No    # stepDefinition.StepDefinitions.user_should_able_to_see_new_customer_detail_has_been_created_with_new_ref_no()
  When User clicks on  new customer detail has been created with new Ref No            # stepDefinition.StepDefinitions.user_clicks_on_new_customer_detail_has_been_created_with_new_ref_no()
  And User selects date on statement                                                   # stepDefinition.StepDefinitions.user_selects_date_on_statement()
  And User enters HSBC sanctioned fund based limit                                     # stepDefinition.StepDefinitions.user_enters_hsbc_sanctioned_fund_based_limit()
  And User clicks on details section                                                   # stepDefinition.StepDefinitions.user_clicks_on_details_section()
  And User clicks on stock value details and enters the value                          # stepDefinition.StepDefinitions.user_clicks_on_stock_value_details_and_enters_the_value()
  And User clicks on creditors value details and enters the value                      # stepDefinition.StepDefinitions.user_clicks_on_creditors_value_details_and_enters_the_value()
  And User clicks on post margin deductions value details and enters the value         # stepDefinition.StepDefinitions.user_clicks_on_post_margin_deductions_value_details_and_enters_the_value()
  When User clicks on ageing  details domestic and enters the value                    # stepDefinition.StepDefinitions.user_clicks_on_ageing_details_domestic_and_enters_the_value()
  And User clicks on ageing details export and enters the value                        # stepDefinition.StepDefinitions.user_clicks_on_ageing_details_export_and_enters_the_value()
  And User clicks on other details and enters the value                                # stepDefinition.StepDefinitions.user_clicks_on_other_details_and_enters_the_value()
  And User enters CARM Reference                                                       # stepDefinition.StepDefinitions.user_enters_carm_reference()
  And User selects date on receipt                                                     # stepDefinition.StepDefinitions.user_selects_date_on_receipt()
  And User clicks on customer settings and select dropdowns                            # stepDefinition.StepDefinitions.user_clicks_on_customer_settings_and_select_dropdowns()
  And User clicks on document validation and check all radio buttons are Yes           # stepDefinition.StepDefinitions.user_clicks_on_document_validation_and_check_all_radio_buttons_are_yes()
  And User enters remarks                                                              # stepDefinition.StepDefinitions.user_enters_remarks()
  When User clicks on Recompute button                                                 # stepDefinition.StepDefinitions.user_clicks_on_recompute_button()
  Then User should able to view the popup message "DP has been Recomputed."            # stepDefinition.StepDefinitions.user_should_able_to_view_the_popup_message(java.lang.String)
  When User clciks on Approval Basis Stock Value                                       # stepDefinition.StepDefinitions.user_clciks_on_approval_basis_stock_value()
  Then User should able to view pending with Approver in Queue Management page         # stepDefinition.StepDefinitions.user_should_able_to_view_pending_with_approver_in_queue_management_page()
]]></system-out>
    <system-err><![CDATA[SLF4J: No SLF4J providers were found.
SLF4J: Defaulting to no-operation (NOP) logger implementation
SLF4J: See https://www.slf4j.org/codes.html#noProviders for further details.
ERROR StatusLogger Log4j2 could not find a logging implementation. Please add log4j-core to the classpath. Using SimpleLogger to log to the console...
Starting Microsoft Edge WebDriver 120.0.2210.61 (50ab4bd76cf1b5ff9d6705778b6ee170df56f154) on port 39878
To submit feedback, report a bug, or suggest new features, please visit https://github.com/MicrosoftEdge/EdgeWebDriver

Only local connections are allowed.
Please see https://aka.ms/WebDriverSecurity for suggestions on keeping Microsoft Edge WebDriver safe.

Microsoft Edge WebDriver was started successfully.
Dec 13, 2023 5:18:00 PM org.openqa.selenium.devtools.CdpVersionFinder findNearestMatch
WARNING: Unable to find CDP implementation matching 120
Dec 13, 2023 5:18:00 PM org.openqa.selenium.chromium.ChromiumDriver lambda$new$3
WARNING: Unable to find version of CDP to use for . You may need to include a dependency on a specific version of the CDP using something similar to `org.seleniumhq.selenium:selenium-devtools-v86:4.7.2` where the version ("v86") matches the version of the chromium-based browser you're using and the version number of the artifact is the same as Selenium's.
]]></system-err>
  </testcase>
</testsuite>