<?xml version="1.0" encoding="UTF-8"?>
<!-- Generated by org.testng.reporters.JUnitReportReporter -->
<testsuite hostname="DESKTOP-U691P5C" failures="0" tests="1" name="cucumberOptions.TestRunner" time="21.456" errors="1" timestamp="2023-12-12T12:20:06 IST" skipped="0">
  <testcase classname="cucumberOptions.TestRunner" name="runScenario" time="21.456">
    <error message="Unable to find element with locator By.xpath: //*[text()=&#039; Eco-System &#039;]
For documentation on this error, please visit: https://selenium.dev/exceptions/#no_such_element
Build info: version: &#039;4.7.2&#039;, revision: &#039;4d4020c3b7&#039;
System info: os.name: &#039;Windows 11&#039;, os.arch: &#039;amd64&#039;, os.version: &#039;10.0&#039;, java.version: &#039;17.0.8&#039;
Driver info: driver.version: RemoteWebDriver" type="org.openqa.selenium.NoSuchElementException">
      <![CDATA[org.openqa.selenium.NoSuchElementException: Unable to find element with locator By.xpath: //*[text()=' Eco-System ']
For documentation on this error, please visit: https://selenium.dev/exceptions/#no_such_element
Build info: version: '4.7.2', revision: '4d4020c3b7'
System info: os.name: 'Windows 11', os.arch: 'amd64', os.version: '10.0', java.version: '17.0.8'
Driver info: driver.version: RemoteWebDriver
at org.openqa.selenium.remote.ElementLocation$ElementFinder$2.findElement(ElementLocation.java:165)
at org.openqa.selenium.remote.ElementLocation.findElement(ElementLocation.java:60)
at org.openqa.selenium.remote.RemoteWebDriver.findElement(RemoteWebDriver.java:351)
at org.openqa.selenium.remote.RemoteWebDriver.findElement(RemoteWebDriver.java:343)
at objectRepository.SignInPage.verifyEcoSystemHomePage(SignInPage.java:44)
at stepDefinition.StepDefinitions.user_should_able_to_see_eco_management_system_portal(StepDefinitions.java:36)
at ✽.User should able to see Eco Management System portal(file:///C:/Mahesh/Mahesh/ProjectNew/src/test/java/features/CreatorLogin.feature:40)
]]>
    </error>
  </testcase> <!-- runScenario -->
  <system-out/>
</testsuite> <!-- cucumberOptions.TestRunner -->
